<?xml version="1.0" encoding="UTF-8"?>
<!-- Generated by org.testng.reporters.JUnitXMLReporter -->
<testsuite hostname="PFTBLR-RMZ-021" failures="0" tests="3" name="Default test" time="32.99" errors="0" timestamp="11 Mar 2020 11:19:20 GMT">
  <testcase classname="com.qa.sonyops.testcases.LoginPageCETest" name="ValidateClearLogoisDisplayedinLoginPage" time="0.067"/>
  <testcase classname="com.qa.sonyops.testcases.LoginPageCETest" name="ValidateLoginPageTitle" time="0.009"/>
  <testcase classname="com.qa.sonyops.testcases.LoginPageCETest" name="ValidateLoginToCEportal" time="3.471"/>
</testsuite> <!-- Default test -->
