<?xml version="1.0" encoding="UTF-8"?>
<!-- Generated by org.testng.reporters.JUnitXMLReporter -->
<testsuite hostname="Manjushree" failures="1" tests="12" name=" check priority" time="202.318" errors="0" timestamp="26 Apr 2020 09:54:07 GMT">
  <testcase classname="com.qa.sonyops.testcases.HomePageCETest" name="ValidateHomePage_isDisplayed" time="0.055"/>
  <testcase classname="com.qa.sonyops.testcases.HomePageCETest" name="VerifyRefreshIcon" time="1.14"/>
  <testcase classname="com.qa.sonyops.testcases.LoginPageCETest" name="ValidateLoginToCEportal" time="1.488">
    <failure type="java.lang.AssertionError" message="Home page is not displayed expected [SonyOPS Clear EDGE] but found [Clear EDGE]">
      <![CDATA[java.lang.AssertionError: Home page is not displayed expected [SonyOPS Clear EDGE] but found [Clear EDGE]
	at com.qa.sonyops.testcases.LoginPageCETest.ValidateLoginToCEportal(LoginPageCETest.java:66)
... Removed 28 stack frames]]>
    </failure>
  </testcase> <!-- ValidateLoginToCEportal -->
  <testcase classname="com.qa.sonyops.testcases.LoginPageCETest" name="ValidateLoginToCEportal" time="2.407"/>
  <testcase classname="com.qa.sonyops.testcases.HomePageCETest" name="ValidateColumnsinHomePage" time="1.271"/>
  <testcase classname="com.qa.sonyops.testcases.HomePageCETest" name="ValidateTransferHistoryEntries" time="0.592"/>
  <testcase classname="com.qa.sonyops.testcases.HomePageCETest" name="ValidateHomePageEntriesAreDisplaying" time="0.684"/>
  <testcase classname="com.qa.sonyops.testcases.HomePageCETest" name="validateFileUploadPopup" time="60.805"/>
  <testcase classname="com.qa.sonyops.testcases.HomePageCETest" name="ValidateUploadDetailsPopup" time="1.792"/>
  <testcase classname="com.qa.sonyops.testcases.HomePageCETest" name="ValidateLogoutFromCEportal" time="0.856"/>
  <testcase classname="com.qa.sonyops.testcases.HomePageCETest" name="ValidateSearchResult_ForInvalidData" time="1.404"/>
  <testcase classname="com.qa.sonyops.testcases.HomePageCETest" name="ValidateRefreshFunctionality" time="0.684"/>
</testsuite> <!--  check priority -->
