<?xml version="1.0" encoding="UTF-8"?>
<!-- Generated by org.testng.reporters.JUnitXMLReporter -->
<testsuite hostname="Manjushree" failures="0" tests="4" name="CatalogStatus validation" time="504.861" errors="0" timestamp="27 Apr 2020 11:21:39 GMT">
  <testcase classname="com.qa.sonyops.testcases.CatalogPlayerPageTest" name="ValidateAssetTitleInCatalogPopUp" time="3.329"/>
  <testcase classname="com.qa.sonyops.testcases.CatalogPlayerPageTest" name="Validate_SeriesStrataSave_CaptureAlertMessage" time="5.339"/>
  <testcase classname="com.qa.sonyops.testcases.CatalogPlayerPageTest" name="EnteringDataInEpisodeStrata_Save_CaptureSuccessMsg" time="6.947"/>
  <testcase classname="com.qa.sonyops.testcases.CatalogManagerPageTest" name="ValidateCatalogStatus_AfterCatalogIsDone" time="9.266"/>
</testsuite> <!-- CatalogStatus validation -->
