<?xml version="1.0" encoding="UTF-8"?>
<!-- Generated by org.testng.reporters.JUnitXMLReporter -->
<testsuite hostname="Manjushree" failures="2" tests="10" name="SonyOps Test cases" time="127.858" errors="0" timestamp="1 Jun 2020 13:14:13 GMT">
  <testcase classname="com.qa.sonyops.testcases.LoginPageCETest" name="ValidateLoginToCEportal" time="1.435">
    <failure type="java.lang.AssertionError" message="Home page is not displayed expected [SonyOPS Clear EDGE] but found [Clear EDGE]">
      <![CDATA[java.lang.AssertionError: Home page is not displayed expected [SonyOPS Clear EDGE] but found [Clear EDGE]
	at com.qa.sonyops.testcases.LoginPageCETest.ValidateLoginToCEportal(LoginPageCETest.java:78)
... Removed 28 stack frames]]>
    </failure>
  </testcase> <!-- ValidateLoginToCEportal -->
  <testcase classname="com.qa.sonyops.testcases.LoginPageCETest" name="ValidateLoginToCEportal" time="2.44"/>
  <testcase classname="com.qa.sonyops.testcases.LoginPageTest" name="ValidateLoginForValidAndInvalidData" time="6.962">
    <failure type="java.lang.AssertionError" message="expected [true] but found [false]">
      <![CDATA[java.lang.AssertionError: expected [true] but found [false]
	at com.qa.sonyops.pages.LoginPage.LogintoBC(LoginPage.java:47)
	at com.qa.sonyops.testcases.LoginPageTest.ValidateLoginForValidAndInvalidData(LoginPageTest.java:52)
... Removed 28 stack frames]]>
    </failure>
  </testcase> <!-- ValidateLoginForValidAndInvalidData -->
  <testcase classname="com.qa.sonyops.testcases.LoginPageTest" name="ValidateLoginForValidAndInvalidData" time="11.286"/>
  <testcase classname="com.qa.sonyops.testcases.HomePageCETest" name="ValidateHomePage_isDisplayed" time="0.137"/>
  <testcase classname="com.qa.sonyops.testcases.HomePageCETest" name="ValidateColumnsinHomePage" time="1.165"/>
  <testcase classname="com.qa.sonyops.testcases.HomePageCETest" name="ValidateTransferHistoryEntries" time="0.569"/>
  <testcase classname="com.qa.sonyops.testcases.HomePageCETest" name="ValidateUploadDetailsPopup" time="1.255"/>
  <testcase classname="com.qa.sonyops.testcases.HomePageCETest" name="ValidateLogoutFromCEportal" time="0.685"/>
  <testcase classname="com.qa.sonyops.testcases.HomePageCETest" name="ValidateSearchResult_ForInvalidData" time="2.484"/>
</testsuite> <!-- SonyOps Test cases -->
