<?xml version="1.0" encoding="UTF-8"?>
<!-- Generated by org.testng.reporters.JUnitXMLReporter -->
<testsuite ignored="1" hostname="PFTBLR-RMZ-021" failures="3" tests="23" name="SonyOps Test cases" time="2197.468" errors="0" timestamp="27 Apr 2021 13:35:11 GMT">
  <testcase classname="com.qa.sonyops.testcases.SearchLibraryPageTest" name="ValidateStandalonePlayerIsDisplaying" time="3.083"/>
  <testcase classname="com.qa.sonyops.testcases.SearchLibraryPageTest" name="ValidateStandalonePlayerIsStreaming" time="303.941">
    <skipped/>
  </testcase> <!-- ValidateStandalonePlayerIsStreaming -->
  <testcase classname="com.qa.sonyops.testcases.SearchLibraryPageTest" name="ValidateStandalonePlayerIsStreaming" time="304.145">
    <skipped/>
  </testcase> <!-- ValidateStandalonePlayerIsStreaming -->
  <testcase classname="com.qa.sonyops.testcases.SearchLibraryPageTest" name="ValidateStandalonePlayerIsStreaming" time="304.106">
    <failure type="java.lang.AssertionError" message="Streaming is not happening expected [true] but found [false]">
      <![CDATA[java.lang.AssertionError: Streaming is not happening expected [true] but found [false]
	at com.qa.sonyops.testcases.SearchLibraryPageTest.ValidateStandalonePlayerIsStreaming(SearchLibraryPageTest.java:66)
... Removed 28 stack frames]]>
    </failure>
  </testcase> <!-- ValidateStandalonePlayerIsStreaming -->
  <testcase classname="com.qa.sonyops.testcases.SearchLibraryPageTest" name="ValidateAssetDetailsIsDisplaying" time="0.07"/>
  <testcase classname="com.qa.sonyops.testcases.SearchLibraryPageTest" name="ValidateInformationModeIsDiaplaying" time="0.731"/>
  <testcase classname="com.qa.sonyops.testcases.SearchLibraryPageTest" name="ValidateMetaDataInAssetDetailsPopUp" time="2.627"/>
  <testcase classname="com.qa.sonyops.testcases.SearchLibraryPageTest" name="ValidateAuditTrialTabDetails" time="3.566"/>
  <testcase classname="com.qa.sonyops.testcases.SearchLibraryPageTest" name="ValidateEssenceTabDetails" time="3.777"/>
  <testcase classname="com.qa.sonyops.testcases.SearchLibraryPageTest" name="ValidateOpsactionTab" time="2.563"/>
  <testcase classname="com.qa.sonyops.testcases.SearchLibraryPageTest" name="ValidateStreamingFromAssetDetailPopUp" time="303.797">
    <skipped/>
  </testcase> <!-- ValidateStreamingFromAssetDetailPopUp -->
  <testcase classname="com.qa.sonyops.testcases.SearchLibraryPageTest" name="ValidateStreamingFromAssetDetailPopUp" time="303.815">
    <skipped/>
  </testcase> <!-- ValidateStreamingFromAssetDetailPopUp -->
  <testcase classname="com.qa.sonyops.testcases.SearchLibraryPageTest" name="ValidateStreamingFromAssetDetailPopUp" time="303.843">
    <failure type="java.lang.AssertionError" message="expected [true] but found [false]">
      <![CDATA[java.lang.AssertionError: expected [true] but found [false]
	at com.qa.sonyops.testcases.SearchLibraryPageTest.ValidateStreamingFromAssetDetailPopUp(SearchLibraryPageTest.java:134)
... Removed 29 stack frames]]>
    </failure>
  </testcase> <!-- ValidateStreamingFromAssetDetailPopUp -->
  <testcase classname="com.qa.sonyops.testcases.SearchLibraryPageTest" name="ValidateCartPageIsDisplaying" time="0.772"/>
  <testcase classname="com.qa.sonyops.testcases.SearchLibraryPageTest" name="ValidateCartCount_WithAssetsAdded" time="0.705"/>
  <testcase classname="com.qa.sonyops.testcases.SearchLibraryPageTest" name="ValidateFilterOptionsInSearchLibrary" time="2.503">
    <skipped/>
  </testcase> <!-- ValidateFilterOptionsInSearchLibrary -->
  <testcase classname="com.qa.sonyops.testcases.SearchLibraryPageTest" name="ValidateFilterOptionsInSearchLibrary" time="2.459">
    <skipped/>
  </testcase> <!-- ValidateFilterOptionsInSearchLibrary -->
  <testcase classname="com.qa.sonyops.testcases.SearchLibraryPageTest" name="ValidateFilterOptionsInSearchLibrary" time="2.446">
    <failure type="java.lang.AssertionError" message="All the filter options are not displaying expected [9] but found [5]">
      <![CDATA[java.lang.AssertionError: All the filter options are not displaying expected [9] but found [5]
	at com.qa.sonyops.testcases.SearchLibraryPageTest.ValidateFilterOptionsInSearchLibrary(SearchLibraryPageTest.java:168)
... Removed 30 stack frames]]>
    </failure>
  </testcase> <!-- ValidateFilterOptionsInSearchLibrary -->
  <testcase classname="com.qa.sonyops.testcases.SearchLibraryPageTest" name="ValidateContentsCount" time="4.492"/>
  <testcase classname="com.qa.sonyops.testcases.SearchLibraryPageTest" name="ValidateSortOptionsIsDisplaying" time="0.035"/>
  <testcase classname="com.qa.sonyops.testcases.SearchLibraryPageTest" name="ValidateSortOptionsInSearchLibrary" time="0.495"/>
  <testcase classname="com.qa.sonyops.testcases.SearchLibraryPageTest" name="ValidateAssetsAreDisplayingInListView" time="0.045"/>
  <testcase classname="com.qa.sonyops.testcases.SearchLibraryPageTest" name="ValidateAssetsAreDisplayingInGridView" time="0.134"/>
  <testcase classname="com.qa.sonyops.testcases.SearchLibraryPageTest" name="ValidateCart_ErrorMsg_clickedOnEmptyCart" time="0.0">
    <ignored/>
  </testcase> <!-- ValidateCart_ErrorMsg_clickedOnEmptyCart -->
</testsuite> <!-- SonyOps Test cases -->
