<?xml version="1.0" encoding="UTF-8"?>
<testng-results total="1" passed="1" failed="0" skipped="0">
  <reporter-output>
  </reporter-output>
  <suite started-at="2020-04-16T08:55:04Z" name="Default suite" finished-at="2020-04-16T08:55:45Z" duration-ms="40621">
    <groups>
    </groups>
    <test started-at="2020-04-16T08:55:04Z" name="Default test" finished-at="2020-04-16T08:55:45Z" duration-ms="40621">
      <class name="com.qa.sonyops.testcases.CatalogPlayerPageTest">
        <test-method is-config="true" signature="SetUp()[pri:0, instance:com.qa.sonyops.testcases.CatalogPlayerPageTest@13b6aecc]" started-at="2020-04-16T14:25:04Z" name="SetUp" finished-at="2020-04-16T14:25:37Z" duration-ms="32226" status="PASS">
          <reporter-output>
          </reporter-output>
        </test-method> <!-- SetUp -->
        <test-method signature="ValidateEnteringDataInEpisodeStrata(java.lang.String, java.lang.String, java.lang.String, java.lang.String, java.lang.String)[pri:0, instance:com.qa.sonyops.testcases.CatalogPlayerPageTest@13b6aecc]" started-at="2020-04-16T14:25:37Z" name="ValidateEnteringDataInEpisodeStrata" data-provider="getEpisodeStrataData" finished-at="2020-04-16T14:25:44Z" duration-ms="7671" status="PASS">
          <params>
            <param index="0">
              <value>
                <![CDATA[PFT-Test]]>
              </value>
            </param>
            <param index="1">
              <value>
                <![CDATA[  '5]]>
              </value>
            </param>
            <param index="2">
              <value>
                <![CDATA[Pft test ingest]]>
              </value>
            </param>
            <param index="3">
              <value>
                <![CDATA[Test]]>
              </value>
            </param>
            <param index="4">
              <value>
                <![CDATA[PFT test asset, please ignore]]>
              </value>
            </param>
          </params>
          <reporter-output>
          </reporter-output>
        </test-method> <!-- ValidateEnteringDataInEpisodeStrata -->
        <test-method is-config="true" signature="teardown()[pri:0, instance:com.qa.sonyops.testcases.CatalogPlayerPageTest@13b6aecc]" started-at="2020-04-16T14:25:45Z" name="teardown" finished-at="2020-04-16T14:25:45Z" duration-ms="0" status="PASS">
          <reporter-output>
          </reporter-output>
        </test-method> <!-- teardown -->
      </class> <!-- com.qa.sonyops.testcases.CatalogPlayerPageTest -->
    </test> <!-- Default test -->
  </suite> <!-- Default suite -->
</testng-results>
