<?xml version="1.0" encoding="UTF-8"?>
<testng-results ignored="1" total="18" passed="13" failed="4" skipped="0">
  <reporter-output>
  </reporter-output>
  <suite started-at="2021-04-23T09:45:51Z" name="SonyOps tenant Automated Test Cases" finished-at="2021-04-23T10:00:37Z" duration-ms="885244">
    <groups>
    </groups>
    <test started-at="2021-04-23T09:45:51Z" name="SonyOps Test cases" finished-at="2021-04-23T10:00:37Z" duration-ms="885244">
      <class name="com.qa.sonyops.testcases.SearchLibraryPageTest">
        <test-method is-config="true" signature="LoadChromeDataToTempFolder(java.lang.String, java.lang.String, java.lang.String, java.lang.String, java.lang.String, java.lang.String, java.lang.String)[pri:0, instance:com.qa.sonyops.testcases.SearchLibraryPageTest@1ffaf86]" started-at="2021-04-23T15:15:51Z" name="LoadChromeDataToTempFolder" finished-at="2021-04-23T15:15:52Z" duration-ms="773" status="PASS">
          <params>
            <param index="0">
              <value>
                <![CDATA[https://192.168.19.33/CE/Product/Modules/SignIn.aspx?sonyops.clearhub.tv]]>
              </value>
            </param>
            <param index="1">
              <value>
                <![CDATA[https://192.168.19.33/BC/Product/Modules/SignIn.aspx?sonyops.clearhub.tv]]>
              </value>
            </param>
            <param index="2">
              <value>
                <![CDATA[https://www.google.com/]]>
              </value>
            </param>
            <param index="3">
              <value>
                <![CDATA[sonyops.preprod]]>
              </value>
            </param>
            <param index="4">
              <value>
                <![CDATA[killerK@1@]]>
              </value>
            </param>
            <param index="5">
              <value>
                <![CDATA[chrome]]>
              </value>
            </param>
            <param index="6">
              <value>
                <![CDATA[chrome://settings/content/siteDetails?site=https://sonyops.clearhub.tv/BC/Product/Modules/SignIn.aspx]]>
              </value>
            </param>
          </params>
          <reporter-output>
          </reporter-output>
        </test-method> <!-- LoadChromeDataToTempFolder -->
        <test-method is-config="true" signature="SetUp()[pri:0, instance:com.qa.sonyops.testcases.SearchLibraryPageTest@1ffaf86]" started-at="2021-04-23T15:15:52Z" name="SetUp" finished-at="2021-04-23T15:16:06Z" duration-ms="13575" status="PASS">
          <reporter-output>
          </reporter-output>
        </test-method> <!-- SetUp -->
        <test-method signature="ValidateStandalonePlayerIsDisplaying()[pri:1, instance:com.qa.sonyops.testcases.SearchLibraryPageTest@1ffaf86]" started-at="2021-04-23T15:16:06Z" name="ValidateStandalonePlayerIsDisplaying" finished-at="2021-04-23T15:16:12Z" duration-ms="5956" status="PASS">
          <reporter-output>
          </reporter-output>
        </test-method> <!-- ValidateStandalonePlayerIsDisplaying -->
        <test-method is-config="true" signature="tearDown()[pri:0, instance:com.qa.sonyops.testcases.SearchLibraryPageTest@1ffaf86]" started-at="2021-04-23T15:16:12Z" name="tearDown" finished-at="2021-04-23T15:16:13Z" duration-ms="784" status="PASS">
          <reporter-output>
          </reporter-output>
        </test-method> <!-- tearDown -->
        <test-method is-config="true" signature="SetUp()[pri:0, instance:com.qa.sonyops.testcases.SearchLibraryPageTest@1ffaf86]" started-at="2021-04-23T15:16:13Z" name="SetUp" finished-at="2021-04-23T15:16:27Z" duration-ms="14213" status="PASS">
          <reporter-output>
          </reporter-output>
        </test-method> <!-- SetUp -->
        <test-method signature="ValidateStandalonePlayerIsStreaming()[pri:2, instance:com.qa.sonyops.testcases.SearchLibraryPageTest@1ffaf86]" started-at="2021-04-23T15:16:27Z" name="ValidateStandalonePlayerIsStreaming" finished-at="2021-04-23T15:21:32Z" duration-ms="305110" status="FAIL">
          <exception class="java.lang.AssertionError">
            <message>
              <![CDATA[Streaming is not happening expected [true] but found [false]]]>
            </message>
            <full-stacktrace>
              <![CDATA[java.lang.AssertionError: Streaming is not happening expected [true] but found [false]
	at org.testng.Assert.fail(Assert.java:94)
	at org.testng.Assert.failNotEquals(Assert.java:513)
	at org.testng.Assert.assertTrue(Assert.java:42)
	at com.qa.sonyops.testcases.SearchLibraryPageTest.ValidateStandalonePlayerIsStreaming(SearchLibraryPageTest.java:65)
	at java.base/jdk.internal.reflect.NativeMethodAccessorImpl.invoke0(Native Method)
	at java.base/jdk.internal.reflect.NativeMethodAccessorImpl.invoke(NativeMethodAccessorImpl.java:62)
	at java.base/jdk.internal.reflect.DelegatingMethodAccessorImpl.invoke(DelegatingMethodAccessorImpl.java:43)
	at java.base/java.lang.reflect.Method.invoke(Method.java:567)
	at org.testng.internal.MethodInvocationHelper.invokeMethod(MethodInvocationHelper.java:104)
	at org.testng.internal.Invoker.invokeMethod(Invoker.java:645)
	at org.testng.internal.Invoker.invokeTestMethod(Invoker.java:851)
	at org.testng.internal.Invoker.invokeTestMethods(Invoker.java:1177)
	at org.testng.internal.TestMethodWorker.invokeTestMethods(TestMethodWorker.java:129)
	at org.testng.internal.TestMethodWorker.run(TestMethodWorker.java:112)
	at org.testng.TestRunner.privateRun(TestRunner.java:756)
	at org.testng.TestRunner.run(TestRunner.java:610)
	at org.testng.SuiteRunner.runTest(SuiteRunner.java:387)
	at org.testng.SuiteRunner.runSequentially(SuiteRunner.java:382)
	at org.testng.SuiteRunner.privateRun(SuiteRunner.java:340)
	at org.testng.SuiteRunner.run(SuiteRunner.java:289)
	at org.testng.SuiteRunnerWorker.runSuite(SuiteRunnerWorker.java:52)
	at org.testng.SuiteRunnerWorker.run(SuiteRunnerWorker.java:86)
	at org.testng.TestNG.runSuitesSequentially(TestNG.java:1293)
	at org.testng.TestNG.runSuitesLocally(TestNG.java:1218)
	at org.testng.TestNG.runSuites(TestNG.java:1133)
	at org.testng.TestNG.run(TestNG.java:1104)
	at org.testng.remote.AbstractRemoteTestNG.run(AbstractRemoteTestNG.java:115)
	at org.testng.remote.RemoteTestNG.initAndRun(RemoteTestNG.java:251)
	at org.testng.remote.RemoteTestNG.main(RemoteTestNG.java:77)
]]>
            </full-stacktrace>
          </exception> <!-- java.lang.AssertionError -->
          <reporter-output>
          </reporter-output>
        </test-method> <!-- ValidateStandalonePlayerIsStreaming -->
        <test-method is-config="true" signature="tearDown()[pri:0, instance:com.qa.sonyops.testcases.SearchLibraryPageTest@1ffaf86]" started-at="2021-04-23T15:21:33Z" name="tearDown" finished-at="2021-04-23T15:21:34Z" duration-ms="786" status="PASS">
          <reporter-output>
          </reporter-output>
        </test-method> <!-- tearDown -->
        <test-method is-config="true" signature="SetUp()[pri:0, instance:com.qa.sonyops.testcases.SearchLibraryPageTest@1ffaf86]" started-at="2021-04-23T15:21:34Z" name="SetUp" finished-at="2021-04-23T15:21:47Z" duration-ms="12931" status="PASS">
          <reporter-output>
          </reporter-output>
        </test-method> <!-- SetUp -->
        <test-method signature="ValidateAssetDetailsIsDisplaying()[pri:3, instance:com.qa.sonyops.testcases.SearchLibraryPageTest@1ffaf86]" started-at="2021-04-23T15:21:47Z" name="ValidateAssetDetailsIsDisplaying" finished-at="2021-04-23T15:21:47Z" duration-ms="98" status="PASS">
          <reporter-output>
          </reporter-output>
        </test-method> <!-- ValidateAssetDetailsIsDisplaying -->
        <test-method is-config="true" signature="tearDown()[pri:0, instance:com.qa.sonyops.testcases.SearchLibraryPageTest@1ffaf86]" started-at="2021-04-23T15:21:48Z" name="tearDown" finished-at="2021-04-23T15:21:48Z" duration-ms="789" status="PASS">
          <reporter-output>
          </reporter-output>
        </test-method> <!-- tearDown -->
        <test-method is-config="true" signature="SetUp()[pri:0, instance:com.qa.sonyops.testcases.SearchLibraryPageTest@1ffaf86]" started-at="2021-04-23T15:21:48Z" name="SetUp" finished-at="2021-04-23T15:22:01Z" duration-ms="12421" status="PASS">
          <reporter-output>
          </reporter-output>
        </test-method> <!-- SetUp -->
        <test-method signature="ValidateInformationModeIsDiaplaying()[pri:4, instance:com.qa.sonyops.testcases.SearchLibraryPageTest@1ffaf86]" started-at="2021-04-23T15:22:01Z" name="ValidateInformationModeIsDiaplaying" finished-at="2021-04-23T15:22:02Z" duration-ms="905" status="PASS">
          <reporter-output>
          </reporter-output>
        </test-method> <!-- ValidateInformationModeIsDiaplaying -->
        <test-method is-config="true" signature="tearDown()[pri:0, instance:com.qa.sonyops.testcases.SearchLibraryPageTest@1ffaf86]" started-at="2021-04-23T15:22:02Z" name="tearDown" finished-at="2021-04-23T15:22:03Z" duration-ms="823" status="PASS">
          <reporter-output>
          </reporter-output>
        </test-method> <!-- tearDown -->
        <test-method is-config="true" signature="SetUp()[pri:0, instance:com.qa.sonyops.testcases.SearchLibraryPageTest@1ffaf86]" started-at="2021-04-23T15:22:03Z" name="SetUp" finished-at="2021-04-23T15:22:16Z" duration-ms="12302" status="PASS">
          <reporter-output>
          </reporter-output>
        </test-method> <!-- SetUp -->
        <test-method signature="ValidateMetaDataInAssetDetailsPopUp()[pri:5, instance:com.qa.sonyops.testcases.SearchLibraryPageTest@1ffaf86]" started-at="2021-04-23T15:22:16Z" name="ValidateMetaDataInAssetDetailsPopUp" finished-at="2021-04-23T15:22:18Z" duration-ms="2764" status="PASS">
          <reporter-output>
          </reporter-output>
        </test-method> <!-- ValidateMetaDataInAssetDetailsPopUp -->
        <test-method is-config="true" signature="tearDown()[pri:0, instance:com.qa.sonyops.testcases.SearchLibraryPageTest@1ffaf86]" started-at="2021-04-23T15:22:19Z" name="tearDown" finished-at="2021-04-23T15:22:20Z" duration-ms="835" status="PASS">
          <reporter-output>
          </reporter-output>
        </test-method> <!-- tearDown -->
        <test-method is-config="true" signature="SetUp()[pri:0, instance:com.qa.sonyops.testcases.SearchLibraryPageTest@1ffaf86]" started-at="2021-04-23T15:22:20Z" name="SetUp" finished-at="2021-04-23T15:22:32Z" duration-ms="12124" status="PASS">
          <reporter-output>
          </reporter-output>
        </test-method> <!-- SetUp -->
        <test-method signature="ValidateAuditTrialTabDetails()[pri:6, instance:com.qa.sonyops.testcases.SearchLibraryPageTest@1ffaf86]" started-at="2021-04-23T15:22:32Z" name="ValidateAuditTrialTabDetails" finished-at="2021-04-23T15:22:36Z" duration-ms="3703" status="FAIL">
          <exception class="java.lang.AssertionError">
            <message>
              <![CDATA[expected [true] but found [false]]]>
            </message>
            <full-stacktrace>
              <![CDATA[java.lang.AssertionError: expected [true] but found [false]
	at org.testng.Assert.fail(Assert.java:94)
	at org.testng.Assert.failNotEquals(Assert.java:513)
	at org.testng.Assert.assertTrue(Assert.java:42)
	at org.testng.Assert.assertTrue(Assert.java:52)
	at com.qa.sonyops.testcases.SearchLibraryPageTest.ValidateAuditTrialTabDetails(SearchLibraryPageTest.java:97)
	at java.base/jdk.internal.reflect.NativeMethodAccessorImpl.invoke0(Native Method)
	at java.base/jdk.internal.reflect.NativeMethodAccessorImpl.invoke(NativeMethodAccessorImpl.java:62)
	at java.base/jdk.internal.reflect.DelegatingMethodAccessorImpl.invoke(DelegatingMethodAccessorImpl.java:43)
	at java.base/java.lang.reflect.Method.invoke(Method.java:567)
	at org.testng.internal.MethodInvocationHelper.invokeMethod(MethodInvocationHelper.java:104)
	at org.testng.internal.Invoker.invokeMethod(Invoker.java:645)
	at org.testng.internal.Invoker.invokeTestMethod(Invoker.java:851)
	at org.testng.internal.Invoker.invokeTestMethods(Invoker.java:1177)
	at org.testng.internal.TestMethodWorker.invokeTestMethods(TestMethodWorker.java:129)
	at org.testng.internal.TestMethodWorker.run(TestMethodWorker.java:112)
	at org.testng.TestRunner.privateRun(TestRunner.java:756)
	at org.testng.TestRunner.run(TestRunner.java:610)
	at org.testng.SuiteRunner.runTest(SuiteRunner.java:387)
	at org.testng.SuiteRunner.runSequentially(SuiteRunner.java:382)
	at org.testng.SuiteRunner.privateRun(SuiteRunner.java:340)
	at org.testng.SuiteRunner.run(SuiteRunner.java:289)
	at org.testng.SuiteRunnerWorker.runSuite(SuiteRunnerWorker.java:52)
	at org.testng.SuiteRunnerWorker.run(SuiteRunnerWorker.java:86)
	at org.testng.TestNG.runSuitesSequentially(TestNG.java:1293)
	at org.testng.TestNG.runSuitesLocally(TestNG.java:1218)
	at org.testng.TestNG.runSuites(TestNG.java:1133)
	at org.testng.TestNG.run(TestNG.java:1104)
	at org.testng.remote.AbstractRemoteTestNG.run(AbstractRemoteTestNG.java:115)
	at org.testng.remote.RemoteTestNG.initAndRun(RemoteTestNG.java:251)
	at org.testng.remote.RemoteTestNG.main(RemoteTestNG.java:77)
]]>
            </full-stacktrace>
          </exception> <!-- java.lang.AssertionError -->
          <reporter-output>
          </reporter-output>
        </test-method> <!-- ValidateAuditTrialTabDetails -->
        <test-method is-config="true" signature="tearDown()[pri:0, instance:com.qa.sonyops.testcases.SearchLibraryPageTest@1ffaf86]" started-at="2021-04-23T15:22:36Z" name="tearDown" finished-at="2021-04-23T15:22:37Z" duration-ms="799" status="PASS">
          <reporter-output>
          </reporter-output>
        </test-method> <!-- tearDown -->
        <test-method is-config="true" signature="SetUp()[pri:0, instance:com.qa.sonyops.testcases.SearchLibraryPageTest@1ffaf86]" started-at="2021-04-23T15:22:37Z" name="SetUp" finished-at="2021-04-23T15:22:49Z" duration-ms="12012" status="PASS">
          <reporter-output>
          </reporter-output>
        </test-method> <!-- SetUp -->
        <test-method signature="ValidateEssenceTabDetails()[pri:7, instance:com.qa.sonyops.testcases.SearchLibraryPageTest@1ffaf86]" started-at="2021-04-23T15:22:49Z" name="ValidateEssenceTabDetails" finished-at="2021-04-23T15:22:56Z" duration-ms="7123" status="PASS">
          <reporter-output>
          </reporter-output>
        </test-method> <!-- ValidateEssenceTabDetails -->
        <test-method is-config="true" signature="tearDown()[pri:0, instance:com.qa.sonyops.testcases.SearchLibraryPageTest@1ffaf86]" started-at="2021-04-23T15:22:57Z" name="tearDown" finished-at="2021-04-23T15:22:58Z" duration-ms="829" status="PASS">
          <reporter-output>
          </reporter-output>
        </test-method> <!-- tearDown -->
        <test-method is-config="true" signature="SetUp()[pri:0, instance:com.qa.sonyops.testcases.SearchLibraryPageTest@1ffaf86]" started-at="2021-04-23T15:22:58Z" name="SetUp" finished-at="2021-04-23T15:23:09Z" duration-ms="11725" status="PASS">
          <reporter-output>
          </reporter-output>
        </test-method> <!-- SetUp -->
        <test-method signature="ValidateOpsactionTab()[pri:8, instance:com.qa.sonyops.testcases.SearchLibraryPageTest@1ffaf86]" started-at="2021-04-23T15:23:09Z" name="ValidateOpsactionTab" finished-at="2021-04-23T15:23:13Z" duration-ms="3593" status="PASS">
          <reporter-output>
          </reporter-output>
        </test-method> <!-- ValidateOpsactionTab -->
        <test-method is-config="true" signature="tearDown()[pri:0, instance:com.qa.sonyops.testcases.SearchLibraryPageTest@1ffaf86]" started-at="2021-04-23T15:23:14Z" name="tearDown" finished-at="2021-04-23T15:23:14Z" duration-ms="794" status="PASS">
          <reporter-output>
          </reporter-output>
        </test-method> <!-- tearDown -->
        <test-method is-config="true" signature="SetUp()[pri:0, instance:com.qa.sonyops.testcases.SearchLibraryPageTest@1ffaf86]" started-at="2021-04-23T15:23:14Z" name="SetUp" finished-at="2021-04-23T15:23:26Z" duration-ms="11573" status="PASS">
          <reporter-output>
          </reporter-output>
        </test-method> <!-- SetUp -->
        <test-method signature="ValidateStreamingFromAssetDetailPopUp()[pri:9, instance:com.qa.sonyops.testcases.SearchLibraryPageTest@1ffaf86]" started-at="2021-04-23T15:23:26Z" name="ValidateStreamingFromAssetDetailPopUp" finished-at="2021-04-23T15:28:31Z" duration-ms="304902" status="FAIL">
          <exception class="java.lang.AssertionError">
            <message>
              <![CDATA[expected [true] but found [false]]]>
            </message>
            <full-stacktrace>
              <![CDATA[java.lang.AssertionError: expected [true] but found [false]
	at org.testng.Assert.fail(Assert.java:94)
	at org.testng.Assert.failNotEquals(Assert.java:513)
	at org.testng.Assert.assertTrue(Assert.java:42)
	at org.testng.Assert.assertTrue(Assert.java:52)
	at com.qa.sonyops.testcases.SearchLibraryPageTest.ValidateStreamingFromAssetDetailPopUp(SearchLibraryPageTest.java:124)
	at java.base/jdk.internal.reflect.NativeMethodAccessorImpl.invoke0(Native Method)
	at java.base/jdk.internal.reflect.NativeMethodAccessorImpl.invoke(NativeMethodAccessorImpl.java:62)
	at java.base/jdk.internal.reflect.DelegatingMethodAccessorImpl.invoke(DelegatingMethodAccessorImpl.java:43)
	at java.base/java.lang.reflect.Method.invoke(Method.java:567)
	at org.testng.internal.MethodInvocationHelper.invokeMethod(MethodInvocationHelper.java:104)
	at org.testng.internal.Invoker.invokeMethod(Invoker.java:645)
	at org.testng.internal.Invoker.invokeTestMethod(Invoker.java:851)
	at org.testng.internal.Invoker.invokeTestMethods(Invoker.java:1177)
	at org.testng.internal.TestMethodWorker.invokeTestMethods(TestMethodWorker.java:129)
	at org.testng.internal.TestMethodWorker.run(TestMethodWorker.java:112)
	at org.testng.TestRunner.privateRun(TestRunner.java:756)
	at org.testng.TestRunner.run(TestRunner.java:610)
	at org.testng.SuiteRunner.runTest(SuiteRunner.java:387)
	at org.testng.SuiteRunner.runSequentially(SuiteRunner.java:382)
	at org.testng.SuiteRunner.privateRun(SuiteRunner.java:340)
	at org.testng.SuiteRunner.run(SuiteRunner.java:289)
	at org.testng.SuiteRunnerWorker.runSuite(SuiteRunnerWorker.java:52)
	at org.testng.SuiteRunnerWorker.run(SuiteRunnerWorker.java:86)
	at org.testng.TestNG.runSuitesSequentially(TestNG.java:1293)
	at org.testng.TestNG.runSuitesLocally(TestNG.java:1218)
	at org.testng.TestNG.runSuites(TestNG.java:1133)
	at org.testng.TestNG.run(TestNG.java:1104)
	at org.testng.remote.AbstractRemoteTestNG.run(AbstractRemoteTestNG.java:115)
	at org.testng.remote.RemoteTestNG.initAndRun(RemoteTestNG.java:251)
	at org.testng.remote.RemoteTestNG.main(RemoteTestNG.java:77)
]]>
            </full-stacktrace>
          </exception> <!-- java.lang.AssertionError -->
          <reporter-output>
          </reporter-output>
        </test-method> <!-- ValidateStreamingFromAssetDetailPopUp -->
        <test-method is-config="true" signature="tearDown()[pri:0, instance:com.qa.sonyops.testcases.SearchLibraryPageTest@1ffaf86]" started-at="2021-04-23T15:28:31Z" name="tearDown" finished-at="2021-04-23T15:28:32Z" duration-ms="889" status="PASS">
          <reporter-output>
          </reporter-output>
        </test-method> <!-- tearDown -->
        <test-method is-config="true" signature="SetUp()[pri:0, instance:com.qa.sonyops.testcases.SearchLibraryPageTest@1ffaf86]" started-at="2021-04-23T15:28:32Z" name="SetUp" finished-at="2021-04-23T15:28:45Z" duration-ms="12440" status="PASS">
          <reporter-output>
          </reporter-output>
        </test-method> <!-- SetUp -->
        <test-method signature="ValidateCartPageIsDisplaying()[pri:11, instance:com.qa.sonyops.testcases.SearchLibraryPageTest@1ffaf86]" started-at="2021-04-23T15:28:45Z" name="ValidateCartPageIsDisplaying" finished-at="2021-04-23T15:28:46Z" duration-ms="752" status="PASS">
          <reporter-output>
          </reporter-output>
        </test-method> <!-- ValidateCartPageIsDisplaying -->
        <test-method is-config="true" signature="tearDown()[pri:0, instance:com.qa.sonyops.testcases.SearchLibraryPageTest@1ffaf86]" started-at="2021-04-23T15:28:46Z" name="tearDown" finished-at="2021-04-23T15:28:47Z" duration-ms="801" status="PASS">
          <reporter-output>
          </reporter-output>
        </test-method> <!-- tearDown -->
        <test-method is-config="true" signature="SetUp()[pri:0, instance:com.qa.sonyops.testcases.SearchLibraryPageTest@1ffaf86]" started-at="2021-04-23T15:28:47Z" name="SetUp" finished-at="2021-04-23T15:28:59Z" duration-ms="12323" status="PASS">
          <reporter-output>
          </reporter-output>
        </test-method> <!-- SetUp -->
        <test-method signature="ValidateCartCount_WithAssetsAdded()[pri:12, instance:com.qa.sonyops.testcases.SearchLibraryPageTest@1ffaf86]" started-at="2021-04-23T15:28:59Z" name="ValidateCartCount_WithAssetsAdded" finished-at="2021-04-23T15:29:00Z" duration-ms="722" status="PASS">
          <reporter-output>
          </reporter-output>
        </test-method> <!-- ValidateCartCount_WithAssetsAdded -->
        <test-method is-config="true" signature="tearDown()[pri:0, instance:com.qa.sonyops.testcases.SearchLibraryPageTest@1ffaf86]" started-at="2021-04-23T15:29:01Z" name="tearDown" finished-at="2021-04-23T15:29:02Z" duration-ms="783" status="PASS">
          <reporter-output>
          </reporter-output>
        </test-method> <!-- tearDown -->
        <test-method is-config="true" signature="SetUp()[pri:0, instance:com.qa.sonyops.testcases.SearchLibraryPageTest@1ffaf86]" started-at="2021-04-23T15:29:02Z" name="SetUp" finished-at="2021-04-23T15:29:15Z" duration-ms="13521" status="PASS">
          <reporter-output>
          </reporter-output>
        </test-method> <!-- SetUp -->
        <test-method signature="ValidateFilterOptionsInSearchLibrary()[pri:13, instance:com.qa.sonyops.testcases.SearchLibraryPageTest@1ffaf86]" started-at="2021-04-23T15:29:15Z" name="ValidateFilterOptionsInSearchLibrary" finished-at="2021-04-23T15:29:18Z" duration-ms="2476" status="FAIL">
          <exception class="java.lang.AssertionError">
            <message>
              <![CDATA[All the filter options are not displaying expected [9] but found [5]]]>
            </message>
            <full-stacktrace>
              <![CDATA[java.lang.AssertionError: All the filter options are not displaying expected [9] but found [5]
	at org.testng.Assert.fail(Assert.java:94)
	at org.testng.Assert.failNotEquals(Assert.java:513)
	at org.testng.Assert.assertEqualsImpl(Assert.java:135)
	at org.testng.Assert.assertEquals(Assert.java:116)
	at org.testng.Assert.assertEquals(Assert.java:389)
	at com.qa.sonyops.testcases.SearchLibraryPageTest.ValidateFilterOptionsInSearchLibrary(SearchLibraryPageTest.java:154)
	at java.base/jdk.internal.reflect.NativeMethodAccessorImpl.invoke0(Native Method)
	at java.base/jdk.internal.reflect.NativeMethodAccessorImpl.invoke(NativeMethodAccessorImpl.java:62)
	at java.base/jdk.internal.reflect.DelegatingMethodAccessorImpl.invoke(DelegatingMethodAccessorImpl.java:43)
	at java.base/java.lang.reflect.Method.invoke(Method.java:567)
	at org.testng.internal.MethodInvocationHelper.invokeMethod(MethodInvocationHelper.java:104)
	at org.testng.internal.Invoker.invokeMethod(Invoker.java:645)
	at org.testng.internal.Invoker.invokeTestMethod(Invoker.java:851)
	at org.testng.internal.Invoker.invokeTestMethods(Invoker.java:1177)
	at org.testng.internal.TestMethodWorker.invokeTestMethods(TestMethodWorker.java:129)
	at org.testng.internal.TestMethodWorker.run(TestMethodWorker.java:112)
	at org.testng.TestRunner.privateRun(TestRunner.java:756)
	at org.testng.TestRunner.run(TestRunner.java:610)
	at org.testng.SuiteRunner.runTest(SuiteRunner.java:387)
	at org.testng.SuiteRunner.runSequentially(SuiteRunner.java:382)
	at org.testng.SuiteRunner.privateRun(SuiteRunner.java:340)
	at org.testng.SuiteRunner.run(SuiteRunner.java:289)
	at org.testng.SuiteRunnerWorker.runSuite(SuiteRunnerWorker.java:52)
	at org.testng.SuiteRunnerWorker.run(SuiteRunnerWorker.java:86)
	at org.testng.TestNG.runSuitesSequentially(TestNG.java:1293)
	at org.testng.TestNG.runSuitesLocally(TestNG.java:1218)
	at org.testng.TestNG.runSuites(TestNG.java:1133)
	at org.testng.TestNG.run(TestNG.java:1104)
	at org.testng.remote.AbstractRemoteTestNG.run(AbstractRemoteTestNG.java:115)
	at org.testng.remote.RemoteTestNG.initAndRun(RemoteTestNG.java:251)
	at org.testng.remote.RemoteTestNG.main(RemoteTestNG.java:77)
]]>
            </full-stacktrace>
          </exception> <!-- java.lang.AssertionError -->
          <reporter-output>
          </reporter-output>
        </test-method> <!-- ValidateFilterOptionsInSearchLibrary -->
        <test-method is-config="true" signature="tearDown()[pri:0, instance:com.qa.sonyops.testcases.SearchLibraryPageTest@1ffaf86]" started-at="2021-04-23T15:29:18Z" name="tearDown" finished-at="2021-04-23T15:29:19Z" duration-ms="801" status="PASS">
          <reporter-output>
          </reporter-output>
        </test-method> <!-- tearDown -->
        <test-method is-config="true" signature="SetUp()[pri:0, instance:com.qa.sonyops.testcases.SearchLibraryPageTest@1ffaf86]" started-at="2021-04-23T15:29:19Z" name="SetUp" finished-at="2021-04-23T15:29:32Z" duration-ms="13005" status="PASS">
          <reporter-output>
          </reporter-output>
        </test-method> <!-- SetUp -->
        <test-method signature="ValidateContentsCount()[pri:14, instance:com.qa.sonyops.testcases.SearchLibraryPageTest@1ffaf86]" started-at="2021-04-23T15:29:32Z" name="ValidateContentsCount" finished-at="2021-04-23T15:29:37Z" duration-ms="4502" status="PASS">
          <reporter-output>
          </reporter-output>
        </test-method> <!-- ValidateContentsCount -->
        <test-method is-config="true" signature="tearDown()[pri:0, instance:com.qa.sonyops.testcases.SearchLibraryPageTest@1ffaf86]" started-at="2021-04-23T15:29:37Z" name="tearDown" finished-at="2021-04-23T15:29:38Z" duration-ms="808" status="PASS">
          <reporter-output>
          </reporter-output>
        </test-method> <!-- tearDown -->
        <test-method is-config="true" signature="SetUp()[pri:0, instance:com.qa.sonyops.testcases.SearchLibraryPageTest@1ffaf86]" started-at="2021-04-23T15:29:38Z" name="SetUp" finished-at="2021-04-23T15:29:50Z" duration-ms="12386" status="PASS">
          <reporter-output>
          </reporter-output>
        </test-method> <!-- SetUp -->
        <test-method signature="ValidateSortOptionsIsDisplaying()[pri:15, instance:com.qa.sonyops.testcases.SearchLibraryPageTest@1ffaf86]" started-at="2021-04-23T15:29:50Z" name="ValidateSortOptionsIsDisplaying" finished-at="2021-04-23T15:29:50Z" duration-ms="33" status="PASS">
          <reporter-output>
          </reporter-output>
        </test-method> <!-- ValidateSortOptionsIsDisplaying -->
        <test-method is-config="true" signature="tearDown()[pri:0, instance:com.qa.sonyops.testcases.SearchLibraryPageTest@1ffaf86]" started-at="2021-04-23T15:29:51Z" name="tearDown" finished-at="2021-04-23T15:29:52Z" duration-ms="816" status="PASS">
          <reporter-output>
          </reporter-output>
        </test-method> <!-- tearDown -->
        <test-method is-config="true" signature="SetUp()[pri:0, instance:com.qa.sonyops.testcases.SearchLibraryPageTest@1ffaf86]" started-at="2021-04-23T15:29:52Z" name="SetUp" finished-at="2021-04-23T15:30:05Z" duration-ms="13297" status="PASS">
          <reporter-output>
          </reporter-output>
        </test-method> <!-- SetUp -->
        <test-method signature="ValidateSortOptionsInSearchLibrary()[pri:16, instance:com.qa.sonyops.testcases.SearchLibraryPageTest@1ffaf86]" started-at="2021-04-23T15:30:05Z" name="ValidateSortOptionsInSearchLibrary" finished-at="2021-04-23T15:30:05Z" duration-ms="272" status="PASS">
          <reporter-output>
          </reporter-output>
        </test-method> <!-- ValidateSortOptionsInSearchLibrary -->
        <test-method is-config="true" signature="tearDown()[pri:0, instance:com.qa.sonyops.testcases.SearchLibraryPageTest@1ffaf86]" started-at="2021-04-23T15:30:06Z" name="tearDown" finished-at="2021-04-23T15:30:07Z" duration-ms="811" status="PASS">
          <reporter-output>
          </reporter-output>
        </test-method> <!-- tearDown -->
        <test-method is-config="true" signature="SetUp()[pri:0, instance:com.qa.sonyops.testcases.SearchLibraryPageTest@1ffaf86]" started-at="2021-04-23T15:30:07Z" name="SetUp" finished-at="2021-04-23T15:30:20Z" duration-ms="13379" status="PASS">
          <reporter-output>
          </reporter-output>
        </test-method> <!-- SetUp -->
        <test-method signature="ValidateAssetsAreDisplayingInListView()[pri:17, instance:com.qa.sonyops.testcases.SearchLibraryPageTest@1ffaf86]" started-at="2021-04-23T15:30:20Z" name="ValidateAssetsAreDisplayingInListView" finished-at="2021-04-23T15:30:20Z" duration-ms="30" status="PASS">
          <reporter-output>
          </reporter-output>
        </test-method> <!-- ValidateAssetsAreDisplayingInListView -->
        <test-method is-config="true" signature="tearDown()[pri:0, instance:com.qa.sonyops.testcases.SearchLibraryPageTest@1ffaf86]" started-at="2021-04-23T15:30:21Z" name="tearDown" finished-at="2021-04-23T15:30:22Z" duration-ms="792" status="PASS">
          <reporter-output>
          </reporter-output>
        </test-method> <!-- tearDown -->
        <test-method is-config="true" signature="SetUp()[pri:0, instance:com.qa.sonyops.testcases.SearchLibraryPageTest@1ffaf86]" started-at="2021-04-23T15:30:22Z" name="SetUp" finished-at="2021-04-23T15:30:35Z" duration-ms="12778" status="PASS">
          <reporter-output>
          </reporter-output>
        </test-method> <!-- SetUp -->
        <test-method signature="ValidateAssetsAreDisplayingInGridView()[pri:18, instance:com.qa.sonyops.testcases.SearchLibraryPageTest@1ffaf86]" started-at="2021-04-23T15:30:35Z" name="ValidateAssetsAreDisplayingInGridView" finished-at="2021-04-23T15:30:35Z" duration-ms="147" status="PASS">
          <reporter-output>
          </reporter-output>
        </test-method> <!-- ValidateAssetsAreDisplayingInGridView -->
        <test-method is-config="true" signature="tearDown()[pri:0, instance:com.qa.sonyops.testcases.SearchLibraryPageTest@1ffaf86]" started-at="2021-04-23T15:30:36Z" name="tearDown" finished-at="2021-04-23T15:30:36Z" duration-ms="826" status="PASS">
          <reporter-output>
          </reporter-output>
        </test-method> <!-- tearDown -->
        <test-method is-config="true" signature="endReport()[pri:0, instance:com.qa.sonyops.testcases.SearchLibraryPageTest@1ffaf86]" started-at="2021-04-23T15:30:36Z" name="endReport" finished-at="2021-04-23T15:30:37Z" duration-ms="228" status="PASS">
          <reporter-output>
          </reporter-output>
        </test-method> <!-- endReport -->
        <test-method is-config="true" signature="DeleteTemporaryFolder()[pri:0, instance:com.qa.sonyops.testcases.SearchLibraryPageTest@1ffaf86]" started-at="2021-04-23T15:30:37Z" name="DeleteTemporaryFolder" finished-at="2021-04-23T15:30:37Z" duration-ms="194" status="PASS">
          <reporter-output>
          </reporter-output>
        </test-method> <!-- DeleteTemporaryFolder -->
      </class> <!-- com.qa.sonyops.testcases.SearchLibraryPageTest -->
    </test> <!-- SonyOps Test cases -->
  </suite> <!-- SonyOps tenant Automated Test Cases -->
</testng-results>
